[debug] [2025-04-08T02:23:56.972Z] [Firebase Plugin] Activating Firebase extension.
[debug] [2025-04-08T02:23:59.328Z] [Firebase Plugin] requireAuthWrapper
[debug] [2025-04-08T02:23:59.330Z] > command requires scopes: ["email","openid","https://www.googleapis.com/auth/cloudplatformprojects.readonly","https://www.googleapis.com/auth/firebase","https://www.googleapis.com/auth/cloud-platform"]
[debug] [2025-04-08T02:23:59.330Z] > authorizing via signed-in user (nsthrmserver@gmail.com)
[debug] [2025-04-08T02:23:59.332Z] Checked if tokens are valid: true, expires at: 1744081736670
[debug] [2025-04-08T02:23:59.332Z] Checked if tokens are valid: true, expires at: 1744081736670
[debug] [2025-04-08T02:23:59.332Z] [Firebase Plugin] User found:  nsthrmserver@gmail.com
[info] [Firebase Plugin] (Core:Project) New user detected, fetching projects
[debug] [2025-04-08T02:23:59.333Z] Checked if tokens are valid: true, expires at: 1744081736670
[debug] [2025-04-08T02:23:59.334Z] >>> [apiv2][query] GET https://firebase.googleapis.com/v1beta1/projects pageSize=1000
[info] [Firebase Plugin] Starting Data Connect toolkit (version 2.1.0) on port 50002
[debug] [2025-04-08T02:24:00.515Z] 'fdc build' failed with error: Unable to build your Data Connect schema and connectors (exit code 1): E0408 09:24:00.511260   63712 cmd.go:43] Error loading data connect config: could not find dataconnect.yaml in `/Users/jaysaesong/NUXTJS/NST_WEB/dataconnect`
 {"metadata":{"emulator":{"name":"dataconnect"},"message":"'fdc build' failed with error: Unable to build your Data Connect schema and connectors (exit code 1): E0408 09:24:00.511260   63712 cmd.go:43] Error loading data connect config: could not find dataconnect.yaml in `/Users/jaysaesong/NUXTJS/NST_WEB/dataconnect`\n"}}
[debug] [2025-04-08T02:24:00.515Z] Ignoring unsupported arg: auto_download {"metadata":{"emulator":{"name":"dataconnect"},"message":"Ignoring unsupported arg: auto_download"}}
[debug] [2025-04-08T02:24:00.516Z] Ignoring unsupported arg: port {"metadata":{"emulator":{"name":"dataconnect"},"message":"Ignoring unsupported arg: port"}}
[debug] [2025-04-08T02:24:00.516Z] Starting Data Connect Emulator with command {"binary":"/Users/jaysaesong/.cache/firebase/emulators/dataconnect-emulator-2.1.0","args":["--logtostderr","-v=2","dev","--listen=localhost:50002","--config_dir=/Users/jaysaesong/NUXTJS/NST_WEB/dataconnect","--enable_output_schema_extensions=true","--enable_output_generated_sdk=true"],"optionalArgs":["listen","config_dir","enable_output_schema_extensions","enable_output_generated_sdk"],"joinArgs":true,"shell":false,"port":9399} {"metadata":{"emulator":{"name":"dataconnect"},"message":"Starting Data Connect Emulator with command {\"binary\":\"/Users/jaysaesong/.cache/firebase/emulators/dataconnect-emulator-2.1.0\",\"args\":[\"--logtostderr\",\"-v=2\",\"dev\",\"--listen=localhost:50002\",\"--config_dir=/Users/jaysaesong/NUXTJS/NST_WEB/dataconnect\",\"--enable_output_schema_extensions=true\",\"--enable_output_generated_sdk=true\"],\"optionalArgs\":[\"listen\",\"config_dir\",\"enable_output_schema_extensions\",\"enable_output_generated_sdk\"],\"joinArgs\":true,\"shell\":false,\"port\":9399}"}}
[info] i  dataconnect: Data Connect Emulator logging to dataconnect-debug.log {"metadata":{"emulator":{"name":"dataconnect"},"message":"Data Connect Emulator logging to dataconnect-debug.log"}}
[debug] [2025-04-08T02:24:00.682Z] I0408 09:24:00.680474   63713 env.go:20] Enabled Preview Flags: conn_evolution
 {"metadata":{"emulator":{"name":"dataconnect"},"message":"I0408 09:24:00.680474   63713 env.go:20] Enabled Preview Flags: conn_evolution\n"}}
[debug] [2025-04-08T02:24:00.683Z] E0408 09:24:00.683294   63713 load.go:23] Could not load config from "/Users/jaysaesong/NUXTJS/NST_WEB/dataconnect": could not find dataconnect.yaml in `/Users/jaysaesong/NUXTJS/NST_WEB/dataconnect`
 {"metadata":{"emulator":{"name":"dataconnect"},"message":"E0408 09:24:00.683294   63713 load.go:23] Could not load config from \"/Users/jaysaesong/NUXTJS/NST_WEB/dataconnect\": could not find dataconnect.yaml in `/Users/jaysaesong/NUXTJS/NST_WEB/dataconnect`\n"}}
[debug] [2025-04-08T02:24:00.687Z] E0408 09:24:00.687035   63713 watch.go:76] watchAllDir unable to walk dir `/Users/jaysaesong/NUXTJS/NST_WEB/dataconnect`: on path "/Users/jaysaesong/NUXTJS/NST_WEB/dataconnect" (DirEntry: <nil>): lstat /Users/jaysaesong/NUXTJS/NST_WEB/dataconnect: no such file or directory
 {"metadata":{"emulator":{"name":"dataconnect"},"message":"E0408 09:24:00.687035   63713 watch.go:76] watchAllDir unable to walk dir `/Users/jaysaesong/NUXTJS/NST_WEB/dataconnect`: on path \"/Users/jaysaesong/NUXTJS/NST_WEB/dataconnect\" (DirEntry: <nil>): lstat /Users/jaysaesong/NUXTJS/NST_WEB/dataconnect: no such file or directory\n"}}
[debug] [2025-04-08T02:24:00.692Z] I0408 09:24:00.691955   63713 dev.go:95] Listening on address (HTTP + gRPC): 127.0.0.1:50002
 {"metadata":{"emulator":{"name":"dataconnect"},"message":"I0408 09:24:00.691955   63713 dev.go:95] Listening on address (HTTP + gRPC): 127.0.0.1:50002\n"}}
[error] [Firebase Plugin] error:  {}
[debug] [2025-04-08T02:24:01.118Z] <<< [apiv2][status] GET https://firebase.googleapis.com/v1beta1/projects 200
[debug] [2025-04-08T02:24:01.118Z] <<< [apiv2][body] GET https://firebase.googleapis.com/v1beta1/projects [omitted]
[debug] [2025-04-08T02:24:10.692Z] E0408 09:24:10.688922   63713 load.go:23] Could not load config from "/Users/jaysaesong/NUXTJS/NST_WEB/dataconnect": could not find dataconnect.yaml in `/Users/jaysaesong/NUXTJS/NST_WEB/dataconnect`
 {"metadata":{"emulator":{"name":"dataconnect"},"message":"E0408 09:24:10.688922   63713 load.go:23] Could not load config from \"/Users/jaysaesong/NUXTJS/NST_WEB/dataconnect\": could not find dataconnect.yaml in `/Users/jaysaesong/NUXTJS/NST_WEB/dataconnect`\n"}}
[debug] [2025-04-08T02:24:20.690Z] E0408 09:24:20.690003   63713 load.go:23] Could not load config from "/Users/jaysaesong/NUXTJS/NST_WEB/dataconnect": could not find dataconnect.yaml in `/Users/jaysaesong/NUXTJS/NST_WEB/dataconnect`
 {"metadata":{"emulator":{"name":"dataconnect"},"message":"E0408 09:24:20.690003   63713 load.go:23] Could not load config from \"/Users/jaysaesong/NUXTJS/NST_WEB/dataconnect\": could not find dataconnect.yaml in `/Users/jaysaesong/NUXTJS/NST_WEB/dataconnect`\n"}}
[debug] [2025-04-08T02:24:30.689Z] E0408 09:24:30.688875   63713 load.go:23] Could not load config from "/Users/jaysaesong/NUXTJS/NST_WEB/dataconnect": could not find dataconnect.yaml in `/Users/jaysaesong/NUXTJS/NST_WEB/dataconnect`
 {"metadata":{"emulator":{"name":"dataconnect"},"message":"E0408 09:24:30.688875   63713 load.go:23] Could not load config from \"/Users/jaysaesong/NUXTJS/NST_WEB/dataconnect\": could not find dataconnect.yaml in `/Users/jaysaesong/NUXTJS/NST_WEB/dataconnect`\n"}}
[debug] [2025-04-08T02:24:40.688Z] E0408 09:24:40.688149   63713 load.go:23] Could not load config from "/Users/jaysaesong/NUXTJS/NST_WEB/dataconnect": could not find dataconnect.yaml in `/Users/jaysaesong/NUXTJS/NST_WEB/dataconnect`
 {"metadata":{"emulator":{"name":"dataconnect"},"message":"E0408 09:24:40.688149   63713 load.go:23] Could not load config from \"/Users/jaysaesong/NUXTJS/NST_WEB/dataconnect\": could not find dataconnect.yaml in `/Users/jaysaesong/NUXTJS/NST_WEB/dataconnect`\n"}}
[debug] [2025-04-08T02:24:50.688Z] E0408 09:24:50.688538   63713 load.go:23] Could not load config from "/Users/jaysaesong/NUXTJS/NST_WEB/dataconnect": could not find dataconnect.yaml in `/Users/jaysaesong/NUXTJS/NST_WEB/dataconnect`
 {"metadata":{"emulator":{"name":"dataconnect"},"message":"E0408 09:24:50.688538   63713 load.go:23] Could not load config from \"/Users/jaysaesong/NUXTJS/NST_WEB/dataconnect\": could not find dataconnect.yaml in `/Users/jaysaesong/NUXTJS/NST_WEB/dataconnect`\n"}}
[debug] [2025-04-08T02:25:00.688Z] E0408 09:25:00.687989   63713 load.go:23] Could not load config from "/Users/jaysaesong/NUXTJS/NST_WEB/dataconnect": could not find dataconnect.yaml in `/Users/jaysaesong/NUXTJS/NST_WEB/dataconnect`
 {"metadata":{"emulator":{"name":"dataconnect"},"message":"E0408 09:25:00.687989   63713 load.go:23] Could not load config from \"/Users/jaysaesong/NUXTJS/NST_WEB/dataconnect\": could not find dataconnect.yaml in `/Users/jaysaesong/NUXTJS/NST_WEB/dataconnect`\n"}}
[debug] [2025-04-08T02:25:10.687Z] E0408 09:25:10.687339   63713 load.go:23] Could not load config from "/Users/jaysaesong/NUXTJS/NST_WEB/dataconnect": could not find dataconnect.yaml in `/Users/jaysaesong/NUXTJS/NST_WEB/dataconnect`
 {"metadata":{"emulator":{"name":"dataconnect"},"message":"E0408 09:25:10.687339   63713 load.go:23] Could not load config from \"/Users/jaysaesong/NUXTJS/NST_WEB/dataconnect\": could not find dataconnect.yaml in `/Users/jaysaesong/NUXTJS/NST_WEB/dataconnect`\n"}}
[debug] [2025-04-08T02:25:20.688Z] E0408 09:25:20.688284   63713 load.go:23] Could not load config from "/Users/jaysaesong/NUXTJS/NST_WEB/dataconnect": could not find dataconnect.yaml in `/Users/jaysaesong/NUXTJS/NST_WEB/dataconnect`
 {"metadata":{"emulator":{"name":"dataconnect"},"message":"E0408 09:25:20.688284   63713 load.go:23] Could not load config from \"/Users/jaysaesong/NUXTJS/NST_WEB/dataconnect\": could not find dataconnect.yaml in `/Users/jaysaesong/NUXTJS/NST_WEB/dataconnect`\n"}}
[debug] [2025-04-08T02:25:30.686Z] E0408 09:25:30.686370   63713 load.go:23] Could not load config from "/Users/jaysaesong/NUXTJS/NST_WEB/dataconnect": could not find dataconnect.yaml in `/Users/jaysaesong/NUXTJS/NST_WEB/dataconnect`
 {"metadata":{"emulator":{"name":"dataconnect"},"message":"E0408 09:25:30.686370   63713 load.go:23] Could not load config from \"/Users/jaysaesong/NUXTJS/NST_WEB/dataconnect\": could not find dataconnect.yaml in `/Users/jaysaesong/NUXTJS/NST_WEB/dataconnect`\n"}}
[debug] [2025-04-08T02:25:40.687Z] E0408 09:25:40.687346   63713 load.go:23] Could not load config from "/Users/jaysaesong/NUXTJS/NST_WEB/dataconnect": could not find dataconnect.yaml in `/Users/jaysaesong/NUXTJS/NST_WEB/dataconnect`
 {"metadata":{"emulator":{"name":"dataconnect"},"message":"E0408 09:25:40.687346   63713 load.go:23] Could not load config from \"/Users/jaysaesong/NUXTJS/NST_WEB/dataconnect\": could not find dataconnect.yaml in `/Users/jaysaesong/NUXTJS/NST_WEB/dataconnect`\n"}}
[debug] [2025-04-08T02:25:50.687Z] E0408 09:25:50.686671   63713 load.go:23] Could not load config from "/Users/jaysaesong/NUXTJS/NST_WEB/dataconnect": could not find dataconnect.yaml in `/Users/jaysaesong/NUXTJS/NST_WEB/dataconnect`
 {"metadata":{"emulator":{"name":"dataconnect"},"message":"E0408 09:25:50.686671   63713 load.go:23] Could not load config from \"/Users/jaysaesong/NUXTJS/NST_WEB/dataconnect\": could not find dataconnect.yaml in `/Users/jaysaesong/NUXTJS/NST_WEB/dataconnect`\n"}}
[debug] [2025-04-08T02:26:00.688Z] E0408 09:26:00.687812   63713 load.go:23] Could not load config from "/Users/jaysaesong/NUXTJS/NST_WEB/dataconnect": could not find dataconnect.yaml in `/Users/jaysaesong/NUXTJS/NST_WEB/dataconnect`
 {"metadata":{"emulator":{"name":"dataconnect"},"message":"E0408 09:26:00.687812   63713 load.go:23] Could not load config from \"/Users/jaysaesong/NUXTJS/NST_WEB/dataconnect\": could not find dataconnect.yaml in `/Users/jaysaesong/NUXTJS/NST_WEB/dataconnect`\n"}}
[debug] [2025-04-08T02:26:00.689Z] E0408 09:26:00.688813   63713 watch.go:76] watchAllDir unable to walk dir `/Users/jaysaesong/NUXTJS/NST_WEB/dataconnect`: on path "/Users/jaysaesong/NUXTJS/NST_WEB/dataconnect" (DirEntry: <nil>): lstat /Users/jaysaesong/NUXTJS/NST_WEB/dataconnect: no such file or directory
 {"metadata":{"emulator":{"name":"dataconnect"},"message":"E0408 09:26:00.688813   63713 watch.go:76] watchAllDir unable to walk dir `/Users/jaysaesong/NUXTJS/NST_WEB/dataconnect`: on path \"/Users/jaysaesong/NUXTJS/NST_WEB/dataconnect\" (DirEntry: <nil>): lstat /Users/jaysaesong/NUXTJS/NST_WEB/dataconnect: no such file or directory\n"}}
